<?xml version="1.0" encoding="UTF-8"?>
<testsuite xmlns:xsi="http://www.w3.org/2001/XMLSchema-instance" xsi:noNamespaceSchemaLocation="https://maven.apache.org/surefire/maven-surefire-plugin/xsd/surefire-test-report-3.0.xsd" version="3.0" name="com.productos.api.controller.ProductoControllerTest" time="13.427" tests="1" errors="0" skipped="0" failures="0">
  <properties>
[...]
</properties>
  <testcase name="testObtenerProductos" classname="com.productos.api.controller.ProductoControllerTest" time="4.235">
    <system-out><![CDATA[22:15:33.789 [main] INFO org.springframework.test.context.support.AnnotationConfigContextLoaderUtils -- Could not detect default configuration classes for test class [com.productos.api.controller.ProductoControllerTest]: ProductoControllerTest does not declare any static, non-private, non-final, nested classes annotated with @Configuration.
22:15:33.967 [main] INFO org.springframework.boot.test.context.SpringBootTestContextBootstrapper -- Found @SpringBootConfiguration com.productos.api.ApiRestProductosApplication for test class com.productos.api.controller.ProductoControllerTest
22:15:34.258 [main] INFO org.springframework.boot.devtools.restart.RestartApplicationListener -- Restart disabled due to context in which it is running

  .   ____          _            __ _ _
 /\\ / ___'_ __ _ _(_)_ __  __ _ \ \ \ \
( ( )\___ | '_ | '_| | '_ \/ _` | \ \ \ \
 \\/  ___)| |_)| | | | | || (_| |  ) ) ) )
  '  |____| .__|_| |_|_| |_\__, | / / / /
 =========|_|==============|___/=/_/_/_/
 :: Spring Boot ::                (v3.2.0)

2026-05-18T22:15:34.705-05:00  INFO 22704 --- [API REST Productos] [           main] c.p.a.controller.ProductoControllerTest  : Starting ProductoControllerTest using Java 21.0.8 with PID 22704 (started by juanc in C:\Users\juanc\Downloads\Ejercicio-Practico\backend)
2026-05-18T22:15:34.707-05:00 DEBUG 22704 --- [API REST Productos] [           main] c.p.a.controller.ProductoControllerTest  : Running with Spring Boot v3.2.0, Spring v6.1.1
2026-05-18T22:15:34.709-05:00  INFO 22704 --- [API REST Productos] [           main] c.p.a.controller.ProductoControllerTest  : No active profile set, falling back to 1 default profile: "default"
2026-05-18T22:15:36.087-05:00  INFO 22704 --- [API REST Productos] [           main] .s.d.r.c.RepositoryConfigurationDelegate : Bootstrapping Spring Data JPA repositories in DEFAULT mode.
2026-05-18T22:15:36.177-05:00  INFO 22704 --- [API REST Productos] [           main] .s.d.r.c.RepositoryConfigurationDelegate : Finished Spring Data repository scanning in 77 ms. Found 2 JPA repository interfaces.
2026-05-18T22:15:37.197-05:00  INFO 22704 --- [API REST Productos] [           main] o.s.b.w.embedded.tomcat.TomcatWebServer  : Tomcat initialized with port 0 (http)
2026-05-18T22:15:37.215-05:00  INFO 22704 --- [API REST Productos] [           main] o.apache.catalina.core.StandardService   : Starting service [Tomcat]
2026-05-18T22:15:37.215-05:00  INFO 22704 --- [API REST Productos] [           main] o.apache.catalina.core.StandardEngine    : Starting Servlet engine: [Apache Tomcat/10.1.16]
2026-05-18T22:15:37.340-05:00  INFO 22704 --- [API REST Productos] [           main] o.a.c.c.C.[Tomcat].[localhost].[/api]    : Initializing Spring embedded WebApplicationContext
2026-05-18T22:15:37.342-05:00  INFO 22704 --- [API REST Productos] [           main] w.s.c.ServletWebServerApplicationContext : Root WebApplicationContext: initialization completed in 2249 ms
2026-05-18T22:15:37.661-05:00  INFO 22704 --- [API REST Productos] [           main] o.hibernate.jpa.internal.util.LogHelper  : HHH000204: Processing PersistenceUnitInfo [name: default]
2026-05-18T22:15:37.790-05:00  INFO 22704 --- [API REST Productos] [           main] org.hibernate.Version                    : HHH000412: Hibernate ORM core version 6.3.1.Final
2026-05-18T22:15:37.897-05:00  INFO 22704 --- [API REST Productos] [           main] o.h.c.internal.RegionFactoryInitiator    : HHH000026: Second-level cache disabled
2026-05-18T22:15:38.559-05:00  INFO 22704 --- [API REST Productos] [           main] o.s.o.j.p.SpringPersistenceUnitInfo      : No LoadTimeWeaver setup: ignoring JPA class transformer
2026-05-18T22:15:38.602-05:00  INFO 22704 --- [API REST Productos] [           main] com.zaxxer.hikari.HikariDataSource       : HikariPool-1 - Starting...
2026-05-18T22:15:39.145-05:00  INFO 22704 --- [API REST Productos] [           main] com.zaxxer.hikari.pool.HikariPool        : HikariPool-1 - Added connection com.mysql.cj.jdbc.ConnectionImpl@10408ea
2026-05-18T22:15:39.149-05:00  INFO 22704 --- [API REST Productos] [           main] com.zaxxer.hikari.HikariDataSource       : HikariPool-1 - Start completed.
2026-05-18T22:15:39.229-05:00  WARN 22704 --- [API REST Productos] [           main] org.hibernate.orm.deprecation            : HHH90000025: MySQL8Dialect does not need to be specified explicitly using 'hibernate.dialect' (remove the property setting and it will be selected by default)
2026-05-18T22:15:39.232-05:00  WARN 22704 --- [API REST Productos] [           main] org.hibernate.orm.deprecation            : HHH90000026: MySQL8Dialect has been deprecated; use org.hibernate.dialect.MySQLDialect instead
2026-05-18T22:15:40.494-05:00  INFO 22704 --- [API REST Productos] [           main] o.h.e.t.j.p.i.JtaPlatformInitiator       : HHH000489: No JTA platform available (set 'hibernate.transaction.jta.platform' to enable JTA platform integration)
2026-05-18T22:15:40.551-05:00  INFO 22704 --- [API REST Productos] [           main] j.LocalContainerEntityManagerFactoryBean : Initialized JPA EntityManagerFactory for persistence unit 'default'
2026-05-18T22:15:41.212-05:00  INFO 22704 --- [API REST Productos] [           main] o.s.d.j.r.query.QueryEnhancerFactory     : Hibernate is in classpath; If applicable, HQL parser will be used.
2026-05-18T22:15:42.002-05:00  WARN 22704 --- [API REST Productos] [           main] JpaBaseConfiguration$JpaWebConfiguration : spring.jpa.open-in-view is enabled by default. Therefore, database queries may be performed during view rendering. Explicitly configure spring.jpa.open-in-view to disable this warning
2026-05-18T22:15:42.192-05:00 DEBUG 22704 --- [API REST Productos] [           main] s.w.s.m.m.a.RequestMappingHandlerMapping : 18 mappings in 'requestMappingHandlerMapping'
2026-05-18T22:15:42.364-05:00 DEBUG 22704 --- [API REST Productos] [           main] o.s.w.s.handler.SimpleUrlHandlerMapping  : Patterns [/webjars/**, /**] in 'resourceHandlerMapping'
2026-05-18T22:15:42.424-05:00 DEBUG 22704 --- [API REST Productos] [           main] s.w.s.m.m.a.RequestMappingHandlerAdapter : ControllerAdvice beans: 0 @ModelAttribute, 0 @InitBinder, 1 RequestBodyAdvice, 1 ResponseBodyAdvice
2026-05-18T22:15:42.482-05:00 DEBUG 22704 --- [API REST Productos] [           main] .m.m.a.ExceptionHandlerExceptionResolver : ControllerAdvice beans: 1 @ExceptionHandler, 1 ResponseBodyAdvice
2026-05-18T22:15:42.712-05:00  INFO 22704 --- [API REST Productos] [           main] o.s.b.w.embedded.tomcat.TomcatWebServer  : Tomcat started on port 53539 (http) with context path '/api'
2026-05-18T22:15:42.727-05:00  INFO 22704 --- [API REST Productos] [           main] c.p.a.controller.ProductoControllerTest  : Started ProductoControllerTest in 8.501 seconds (process running for 10.078)
2026-05-18T22:15:45.585-05:00  INFO 22704 --- [API REST Productos] [o-auto-1-exec-1] o.a.c.c.C.[Tomcat].[localhost].[/api]    : Initializing Spring DispatcherServlet 'dispatcherServlet'
2026-05-18T22:15:45.586-05:00  INFO 22704 --- [API REST Productos] [o-auto-1-exec-1] o.s.web.servlet.DispatcherServlet        : Initializing Servlet 'dispatcherServlet'
2026-05-18T22:15:45.586-05:00 DEBUG 22704 --- [API REST Productos] [o-auto-1-exec-1] o.s.web.servlet.DispatcherServlet        : Detected StandardServletMultipartResolver
2026-05-18T22:15:45.586-05:00 DEBUG 22704 --- [API REST Productos] [o-auto-1-exec-1] o.s.web.servlet.DispatcherServlet        : Detected AcceptHeaderLocaleResolver
2026-05-18T22:15:45.586-05:00 DEBUG 22704 --- [API REST Productos] [o-auto-1-exec-1] o.s.web.servlet.DispatcherServlet        : Detected FixedThemeResolver
2026-05-18T22:15:45.588-05:00 DEBUG 22704 --- [API REST Productos] [o-auto-1-exec-1] o.s.web.servlet.DispatcherServlet        : Detected org.springframework.web.servlet.view.DefaultRequestToViewNameTranslator@23644367
2026-05-18T22:15:45.589-05:00 DEBUG 22704 --- [API REST Productos] [o-auto-1-exec-1] o.s.web.servlet.DispatcherServlet        : Detected org.springframework.web.servlet.support.SessionFlashMapManager@48860fb8
2026-05-18T22:15:45.590-05:00 DEBUG 22704 --- [API REST Productos] [o-auto-1-exec-1] o.s.web.servlet.DispatcherServlet        : enableLoggingRequestDetails='false': request parameters and headers will be masked to prevent unsafe logging of potentially sensitive data
2026-05-18T22:15:45.590-05:00  INFO 22704 --- [API REST Productos] [o-auto-1-exec-1] o.s.web.servlet.DispatcherServlet        : Completed initialization in 4 ms
2026-05-18T22:15:45.601-05:00 DEBUG 22704 --- [API REST Productos] [o-auto-1-exec-1] o.s.web.servlet.DispatcherServlet        : GET "/api/productos", parameters={}
2026-05-18T22:15:45.621-05:00 DEBUG 22704 --- [API REST Productos] [o-auto-1-exec-1] s.w.s.m.m.a.RequestMappingHandlerMapping : Mapped to com.productos.api.controller.ProductoController#obtenerTodos()
2026-05-18T22:15:45.785-05:00 DEBUG 22704 --- [API REST Productos] [o-auto-1-exec-1] org.hibernate.SQL                        : 
    select
        p1_0.id,
        p1_0.activo,
        p1_0.categoria,
        p1_0.descripcion,
        p1_0.fecha_actualizacion,
        p1_0.fecha_creacion,
        p1_0.nombre,
        p1_0.precio,
        p1_0.stock 
    from
        productos p1_0
2026-05-18T22:15:45.873-05:00 DEBUG 22704 --- [API REST Productos] [o-auto-1-exec-1] o.s.w.s.m.m.a.HttpEntityMethodProcessor  : Using 'application/json', given [*/*] and supported [application/json, application/*+json]
2026-05-18T22:15:45.879-05:00 DEBUG 22704 --- [API REST Productos] [o-auto-1-exec-1] o.s.w.s.m.m.a.HttpEntityMethodProcessor  : Writing [{total=23, datos=[ProductoDTO(id=1, nombre=Laptop HP 15, descripcion=Laptop HP 15 pulgadas, Intel Co (truncated)...]
2026-05-18T22:15:45.972-05:00 DEBUG 22704 --- [API REST Productos] [o-auto-1-exec-1] o.s.web.servlet.DispatcherServlet        : Completed 200 OK
]]></system-out>
    <system-err><![CDATA[WARNING: A Java agent has been loaded dynamically (C:\Users\juanc\.m2\repository\net\bytebuddy\byte-buddy-agent\1.14.10\byte-buddy-agent-1.14.10.jar)
WARNING: If a serviceability tool is in use, please run with -XX:+EnableDynamicAgentLoading to hide this warning
WARNING: If a serviceability tool is not in use, please run with -Djdk.instrument.traceUsage for more information
WARNING: Dynamic loading of agents will be disallowed by default in a future release
]]></system-err>
  </testcase>
</testsuite>